# JRE version: OpenJDK Runtime Environment 18.9 (11.0.14.1+1) (build 11.0.14.1+1)
# Java VM: OpenJDK 64-Bit Server VM 18.9 (11.0.14.1+1, mixed mode, tiered, compressed oops, g1 gc, windows-amd64)
Heap:
 garbage-first heap   total 403456K, used 203235K [0x0000000080000000, 0x0000000100000000)
  region size 1024K, 34 young (34816K), 11 survivors (11264K)
 Metaspace       used 124912K, capacity 129550K, committed 129672K, reserved 628736K
  class space    used 15931K, capacity 17685K, committed 17792K, reserved 516096K
GC Heap History (20 events):
Event: 330.274 GC heap before
{Heap before GC invocations=129 (full 0):
 garbage-first heap   total 219136K, used 202153K [0x0000000080000000, 0x0000000100000000)
  region size 1024K, 10 young (10240K), 2 survivors (2048K)
 Metaspace       used 119144K, capacity 123507K, committed 123784K, reserved 624640K
  class space    used 15221K, capacity 16934K, committed 17024K, reserved 516096K
}
Event: 330.286 GC heap after
{Heap after GC invocations=130 (full 0):
 garbage-first heap   total 219136K, used 195295K [0x0000000080000000, 0x0000000100000000)
  region size 1024K, 2 young (2048K), 2 survivors (2048K)
 Metaspace       used 119144K, capacity 123507K, committed 123784K, reserved 624640K
  class space    used 15221K, capacity 16934K, committed 17024K, reserved 516096K
}
Event: 330.490 GC heap before
{Heap before GC invocations=130 (full 0):
 garbage-first heap   total 219136K, used 203487K [0x0000000080000000, 0x0000000100000000)
  region size 1024K, 10 young (10240K), 2 survivors (2048K)
 Metaspace       used 119174K, capacity 123571K, committed 123784K, reserved 624640K
  class space    used 15221K, capacity 16934K, committed 17024K, reserved 516096K
}
Event: 330.496 GC heap after
{Heap after GC invocations=131 (full 0):
 garbage-first heap   total 219136K, used 197358K [0x0000000080000000, 0x0000000100000000)
  region size 1024K, 2 young (2048K), 2 survivors (2048K)
 Metaspace       used 119174K, capacity 123571K, committed 123784K, reserved 624640K
  class space    used 15221K, capacity 16934K, committed 17024K, reserved 516096K
}
Event: 330.923 GC heap before
{Heap before GC invocations=132 (full 0):
 garbage-first heap   total 219136K, used 201454K [0x0000000080000000, 0x0000000100000000)
  region size 1024K, 10 young (10240K), 2 survivors (2048K)
 Metaspace       used 119176K, capacity 123571K, committed 123784K, reserved 624640K
  class space    used 15221K, capacity 16934K, committed 17024K, reserved 516096K
}
Event: 330.928 GC heap after
{Heap after GC invocations=133 (full 0):
 garbage-first heap   total 219136K, used 194489K [0x0000000080000000, 0x0000000100000000)
  region size 1024K, 1 young (1024K), 1 survivors (1024K)
 Metaspace       used 119176K, capacity 123571K, committed 123784K, reserved 624640K
  class space    used 15221K, capacity 16934K, committed 17024K, reserved 516096K
}
Event: 331.099 GC heap before
{Heap before GC invocations=133 (full 0):
 garbage-first heap   total 219136K, used 203705K [0x0000000080000000, 0x0000000100000000)
  region size 1024K, 10 young (10240K), 1 survivors (1024K)
 Metaspace       used 119202K, capacity 123580K, committed 123784K, reserved 624640K
  class space    used 15222K, capacity 16936K, committed 17024K, reserved 516096K
}
Event: 331.106 GC heap after
{Heap after GC invocations=134 (full 0):
 garbage-first heap   total 219136K, used 174668K [0x0000000080000000, 0x0000000100000000)
  region size 1024K, 2 young (2048K), 2 survivors (2048K)
 Metaspace       used 119202K, capacity 123580K, committed 123784K, reserved 624640K
  class space    used 15222K, capacity 16936K, committed 17024K, reserved 516096K
}
Event: 331.177 GC heap before
{Heap before GC invocations=134 (full 0):
 garbage-first heap   total 219136K, used 182860K [0x0000000080000000, 0x0000000100000000)
  region size 1024K, 10 young (10240K), 2 survivors (2048K)
 Metaspace       used 119205K, capacity 123580K, committed 123784K, reserved 624640K
  class space    used 15222K, capacity 16936K, committed 17024K, reserved 516096K
}
Event: 331.196 GC heap after
{Heap after GC invocations=135 (full 0):
 garbage-first heap   total 219136K, used 160283K [0x0000000080000000, 0x0000000100000000)
  region size 1024K, 1 young (1024K), 1 survivors (1024K)
 Metaspace       used 119205K, capacity 123580K, committed 123784K, reserved 624640K
  class space    used 15222K, capacity 16936K, committed 17024K, reserved 516096K
}
Event: 331.302 GC heap before
{Heap before GC invocations=135 (full 0):
 garbage-first heap   total 219136K, used 169499K [0x0000000080000000, 0x0000000100000000)
  region size 1024K, 10 young (10240K), 1 survivors (1024K)
 Metaspace       used 119223K, capacity 123580K, committed 123784K, reserved 624640K
  class space    used 15222K, capacity 16936K, committed 17024K, reserved 516096K
}
Event: 331.327 GC heap after
{Heap after GC invocations=136 (full 0):
 garbage-first heap   total 219136K, used 158345K [0x0000000080000000, 0x0000000100000000)
  region size 1024K, 2 young (2048K), 2 survivors (2048K)
 Metaspace       used 119223K, capacity 123580K, committed 123784K, reserved 624640K
  class space    used 15222K, capacity 16936K, committed 17024K, reserved 516096K
}
Event: 331.739 GC heap before
{Heap before GC invocations=136 (full 0):
 garbage-first heap   total 219136K, used 175753K [0x0000000080000000, 0x0000000100000000)
  region size 1024K, 19 young (19456K), 2 survivors (2048K)
 Metaspace       used 120137K, capacity 124603K, committed 124936K, reserved 624640K
  class space    used 15357K, capacity 17038K, committed 17152K, reserved 516096K
}
Event: 331.752 GC heap after
{Heap after GC invocations=137 (full 0):
 garbage-first heap   total 219136K, used 161792K [0x0000000080000000, 0x0000000100000000)
  region size 1024K, 3 young (3072K), 3 survivors (3072K)
 Metaspace       used 120137K, capacity 124603K, committed 124936K, reserved 624640K
  class space    used 15357K, capacity 17038K, committed 17152K, reserved 516096K
}
Event: 332.236 GC heap before
{Heap before GC invocations=137 (full 0):
 garbage-first heap   total 219136K, used 179200K [0x0000000080000000, 0x0000000100000000)
  region size 1024K, 20 young (20480K), 3 survivors (3072K)
 Metaspace       used 121725K, capacity 126173K, committed 126472K, reserved 626688K
  class space    used 15613K, capacity 17340K, committed 17408K, reserved 516096K
}
Event: 332.244 GC heap after
{Heap after GC invocations=138 (full 0):
 garbage-first heap   total 219136K, used 163531K [0x0000000080000000, 0x0000000100000000)
  region size 1024K, 2 young (2048K), 2 survivors (2048K)
 Metaspace       used 121725K, capacity 126173K, committed 126472K, reserved 626688K
  class space    used 15613K, capacity 17340K, committed 17408K, reserved 516096K
}
Event: 333.641 GC heap before
{Heap before GC invocations=138 (full 0):
 garbage-first heap   total 219136K, used 180939K [0x0000000080000000, 0x0000000100000000)
  region size 1024K, 19 young (19456K), 2 survivors (2048K)
 Metaspace       used 123452K, capacity 127990K, committed 128136K, reserved 628736K
  class space    used 15802K, capacity 17512K, committed 17536K, reserved 516096K
}
Event: 333.656 GC heap after
{Heap after GC invocations=139 (full 0):
 garbage-first heap   total 403456K, used 166588K [0x0000000080000000, 0x0000000100000000)
  region size 1024K, 3 young (3072K), 3 survivors (3072K)
 Metaspace       used 123452K, capacity 127990K, committed 128136K, reserved 628736K
  class space    used 15802K, capacity 17512K, committed 17536K, reserved 516096K
}
Event: 335.473 GC heap before
{Heap before GC invocations=139 (full 0):
 garbage-first heap   total 403456K, used 247484K [0x0000000080000000, 0x0000000100000000)
  region size 1024K, 82 young (83968K), 3 survivors (3072K)
 Metaspace       used 124460K, capacity 129045K, committed 129288K, reserved 628736K
  class space    used 15877K, capacity 17629K, committed 17664K, reserved 516096K
}
Event: 335.507 GC heap after
{Heap after GC invocations=140 (full 0):
 garbage-first heap   total 403456K, used 181731K [0x0000000080000000, 0x0000000100000000)
  region size 1024K, 11 young (11264K), 11 survivors (11264K)
 Metaspace       used 124460K, capacity 129045K, committed 129288K, reserved 628736K
  class space    used 15877K, capacity 17629K, committed 17664K, reserved 516096K
}

