# JRE version: OpenJDK Runtime Environment 18.9 (11.0.14.1+1) (build 11.0.14.1+1)
# Java VM: OpenJDK 64-Bit Server VM 18.9 (11.0.14.1+1, mixed mode, tiered, compressed oops, g1 gc, windows-amd64)
Heap:
 garbage-first heap   total 274432K, used 225263K [0x0000000080000000, 0x0000000100000000)
  region size 1024K, 43 young (44032K), 4 survivors (4096K)
 Metaspace       used 129242K, capacity 133658K, committed 133840K, reserved 632832K
  class space    used 16533K, capacity 18237K, committed 18304K, reserved 516096K
GC Heap History (20 events):
Event: 73.307 GC heap before
{Heap before GC invocations=110 (full 0):
 garbage-first heap   total 274432K, used 209282K [0x0000000080000000, 0x0000000100000000)
  region size 1024K, 44 young (45056K), 4 survivors (4096K)
 Metaspace       used 118320K, capacity 122138K, committed 122320K, reserved 622592K
  class space    used 15362K, capacity 16978K, committed 17024K, reserved 516096K
}
Event: 73.329 GC heap after
{Heap after GC invocations=111 (full 0):
 garbage-first heap   total 274432K, used 174921K [0x0000000080000000, 0x0000000100000000)
  region size 1024K, 6 young (6144K), 6 survivors (6144K)
 Metaspace       used 118320K, capacity 122138K, committed 122320K, reserved 622592K
  class space    used 15362K, capacity 16978K, committed 17024K, reserved 516096K
}
Event: 88.412 GC heap before
{Heap before GC invocations=112 (full 0):
 garbage-first heap   total 274432K, used 213833K [0x0000000080000000, 0x0000000100000000)
  region size 1024K, 45 young (46080K), 6 survivors (6144K)
 Metaspace       used 122477K, capacity 126438K, committed 126544K, reserved 626688K
  class space    used 15744K, capacity 17328K, committed 17408K, reserved 516096K
}
Event: 88.422 GC heap after
{Heap after GC invocations=113 (full 0):
 garbage-first heap   total 274432K, used 177710K [0x0000000080000000, 0x0000000100000000)
  region size 1024K, 3 young (3072K), 3 survivors (3072K)
 Metaspace       used 122477K, capacity 126438K, committed 126544K, reserved 626688K
  class space    used 15744K, capacity 17328K, committed 17408K, reserved 516096K
}
Event: 98.480 GC heap before
{Heap before GC invocations=113 (full 0):
 garbage-first heap   total 274432K, used 218670K [0x0000000080000000, 0x0000000100000000)
  region size 1024K, 43 young (44032K), 3 survivors (3072K)
 Metaspace       used 122978K, capacity 127042K, committed 127184K, reserved 626688K
  class space    used 15801K, capacity 17434K, committed 17536K, reserved 516096K
}
Event: 98.515 GC heap after
{Heap after GC invocations=114 (full 0):
 garbage-first heap   total 274432K, used 182410K [0x0000000080000000, 0x0000000100000000)
  region size 1024K, 6 young (6144K), 6 survivors (6144K)
 Metaspace       used 122978K, capacity 127042K, committed 127184K, reserved 626688K
  class space    used 15801K, capacity 17434K, committed 17536K, reserved 516096K
}
Event: 99.301 GC heap before
{Heap before GC invocations=115 (full 0):
 garbage-first heap   total 274432K, used 221322K [0x0000000080000000, 0x0000000100000000)
  region size 1024K, 45 young (46080K), 6 survivors (6144K)
 Metaspace       used 123205K, capacity 127303K, committed 127440K, reserved 626688K
  class space    used 15818K, capacity 17462K, committed 17536K, reserved 516096K
}
Event: 99.319 GC heap after
{Heap after GC invocations=116 (full 0):
 garbage-first heap   total 274432K, used 190464K [0x0000000080000000, 0x0000000100000000)
  region size 1024K, 6 young (6144K), 6 survivors (6144K)
 Metaspace       used 123205K, capacity 127303K, committed 127440K, reserved 626688K
  class space    used 15818K, capacity 17462K, committed 17536K, reserved 516096K
}
Event: 100.177 GC heap before
{Heap before GC invocations=116 (full 0):
 garbage-first heap   total 274432K, used 225280K [0x0000000080000000, 0x0000000100000000)
  region size 1024K, 41 young (41984K), 6 survivors (6144K)
 Metaspace       used 123309K, capacity 127436K, committed 127696K, reserved 626688K
  class space    used 15827K, capacity 17479K, committed 17536K, reserved 516096K
}
Event: 100.192 GC heap after
{Heap after GC invocations=117 (full 0):
 garbage-first heap   total 274432K, used 196457K [0x0000000080000000, 0x0000000100000000)
  region size 1024K, 6 young (6144K), 6 survivors (6144K)
 Metaspace       used 123309K, capacity 127436K, committed 127696K, reserved 626688K
  class space    used 15827K, capacity 17479K, committed 17536K, reserved 516096K
}
Event: 101.660 GC heap before
{Heap before GC invocations=118 (full 0):
 garbage-first heap   total 274432K, used 229225K [0x0000000080000000, 0x0000000100000000)
  region size 1024K, 38 young (38912K), 6 survivors (6144K)
 Metaspace       used 123913K, capacity 128094K, committed 128336K, reserved 628736K
  class space    used 15903K, capacity 17567K, committed 17664K, reserved 516096K
}
Event: 101.676 GC heap after
{Heap after GC invocations=119 (full 0):
 garbage-first heap   total 274432K, used 202588K [0x0000000080000000, 0x0000000100000000)
  region size 1024K, 5 young (5120K), 5 survivors (5120K)
 Metaspace       used 123913K, capacity 128094K, committed 128336K, reserved 628736K
  class space    used 15903K, capacity 17567K, committed 17664K, reserved 516096K
}
Event: 102.266 GC heap before
{Heap before GC invocations=119 (full 0):
 garbage-first heap   total 274432K, used 210780K [0x0000000080000000, 0x0000000100000000)
  region size 1024K, 13 young (13312K), 5 survivors (5120K)
 Metaspace       used 124677K, capacity 128804K, committed 128976K, reserved 628736K
  class space    used 16014K, capacity 17696K, committed 17792K, reserved 516096K
}
Event: 102.281 GC heap after
{Heap after GC invocations=120 (full 0):
 garbage-first heap   total 274432K, used 179760K [0x0000000080000000, 0x0000000100000000)
  region size 1024K, 2 young (2048K), 2 survivors (2048K)
 Metaspace       used 124677K, capacity 128804K, committed 128976K, reserved 628736K
  class space    used 16014K, capacity 17696K, committed 17792K, reserved 516096K
}
Event: 103.238 GC heap before
{Heap before GC invocations=120 (full 0):
 garbage-first heap   total 274432K, used 191024K [0x0000000080000000, 0x0000000100000000)
  region size 1024K, 13 young (13312K), 2 survivors (2048K)
 Metaspace       used 125722K, capacity 129952K, committed 130128K, reserved 628736K
  class space    used 16197K, capacity 17901K, committed 17920K, reserved 516096K
}
Event: 103.258 GC heap after
{Heap after GC invocations=121 (full 0):
 garbage-first heap   total 274432K, used 168823K [0x0000000080000000, 0x0000000100000000)
  region size 1024K, 1 young (1024K), 1 survivors (1024K)
 Metaspace       used 125722K, capacity 129952K, committed 130128K, reserved 628736K
  class space    used 16197K, capacity 17901K, committed 17920K, reserved 516096K
}
Event: 105.353 GC heap before
{Heap before GC invocations=121 (full 0):
 garbage-first heap   total 274432K, used 213879K [0x0000000080000000, 0x0000000100000000)
  region size 1024K, 45 young (46080K), 1 survivors (1024K)
 Metaspace       used 128056K, capacity 132300K, committed 132432K, reserved 630784K
  class space    used 16442K, capacity 18160K, committed 18176K, reserved 516096K
}
Event: 105.376 GC heap after
{Heap after GC invocations=122 (full 0):
 garbage-first heap   total 274432K, used 176920K [0x0000000080000000, 0x0000000100000000)
  region size 1024K, 6 young (6144K), 6 survivors (6144K)
 Metaspace       used 128056K, capacity 132300K, committed 132432K, reserved 630784K
  class space    used 16442K, capacity 18160K, committed 18176K, reserved 516096K
}
Event: 106.655 GC heap before
{Heap before GC invocations=122 (full 0):
 garbage-first heap   total 274432K, used 219928K [0x0000000080000000, 0x0000000100000000)
  region size 1024K, 48 young (49152K), 6 survivors (6144K)
 Metaspace       used 128505K, capacity 132851K, committed 132944K, reserved 632832K
  class space    used 16469K, capacity 18176K, committed 18176K, reserved 516096K
}
Event: 106.689 GC heap after
{Heap after GC invocations=123 (full 0):
 garbage-first heap   total 274432K, used 185327K [0x0000000080000000, 0x0000000100000000)
  region size 1024K, 6 young (6144K), 6 survivors (6144K)
 Metaspace       used 128505K, capacity 132851K, committed 132944K, reserved 632832K
  class space    used 16469K, capacity 18176K, committed 18176K, reserved 516096K
}

