# JRE version: OpenJDK Runtime Environment 18.9 (11.0.14.1+1) (build 11.0.14.1+1)
# Java VM: OpenJDK 64-Bit Server VM 18.9 (11.0.14.1+1, mixed mode, tiered, compressed oops, g1 gc, windows-amd64)
Heap:
 garbage-first heap   total 713728K, used 333238K [0x0000000080000000, 0x0000000100000000)
  region size 1024K, 3 young (3072K), 3 survivors (3072K)
 Metaspace       used 173227K, capacity 179938K, committed 180308K, reserved 673792K
  class space    used 21729K, capacity 24277K, committed 24396K, reserved 516096K
GC Heap History (20 events):
Event: 690.272 GC heap after
{Heap after GC invocations=202 (full 0):
 garbage-first heap   total 303104K, used 284814K [0x0000000080000000, 0x0000000100000000)
  region size 1024K, 2 young (2048K), 2 survivors (2048K)
 Metaspace       used 168104K, capacity 174389K, committed 174804K, reserved 667648K
  class space    used 21005K, capacity 23368K, committed 23500K, reserved 516096K
}
Event: 690.926 GC heap before
{Heap before GC invocations=203 (full 0):
 garbage-first heap   total 303104K, used 297102K [0x0000000080000000, 0x0000000100000000)
  region size 1024K, 14 young (14336K), 2 survivors (2048K)
 Metaspace       used 168671K, capacity 174982K, committed 175188K, reserved 669696K
  class space    used 21107K, capacity 23495K, committed 23628K, reserved 516096K
}
Event: 690.942 GC heap after
{Heap after GC invocations=204 (full 0):
 garbage-first heap   total 303104K, used 288192K [0x0000000080000000, 0x0000000100000000)
  region size 1024K, 2 young (2048K), 2 survivors (2048K)
 Metaspace       used 168671K, capacity 174982K, committed 175188K, reserved 669696K
  class space    used 21107K, capacity 23495K, committed 23628K, reserved 516096K
}
Event: 691.352 GC heap before
{Heap before GC invocations=204 (full 0):
 garbage-first heap   total 303104K, used 300480K [0x0000000080000000, 0x0000000100000000)
  region size 1024K, 14 young (14336K), 2 survivors (2048K)
 Metaspace       used 169289K, capacity 175648K, committed 175700K, reserved 669696K
  class space    used 21227K, capacity 23605K, committed 23628K, reserved 516096K
}
Event: 691.370 GC heap after
{Heap after GC invocations=205 (full 0):
 garbage-first heap   total 307200K, used 291405K [0x0000000080000000, 0x0000000100000000)
  region size 1024K, 2 young (2048K), 2 survivors (2048K)
 Metaspace       used 169289K, capacity 175648K, committed 175700K, reserved 669696K
  class space    used 21227K, capacity 23605K, committed 23628K, reserved 516096K
}
Event: 691.725 GC heap before
{Heap before GC invocations=205 (full 0):
 garbage-first heap   total 307200K, used 303693K [0x0000000080000000, 0x0000000100000000)
  region size 1024K, 15 young (15360K), 2 survivors (2048K)
 Metaspace       used 169701K, capacity 176082K, committed 176340K, reserved 669696K
  class space    used 21297K, capacity 23683K, committed 23756K, reserved 516096K
}
Event: 691.743 GC heap after
{Heap after GC invocations=206 (full 0):
 garbage-first heap   total 311296K, used 295583K [0x0000000080000000, 0x0000000100000000)
  region size 1024K, 2 young (2048K), 2 survivors (2048K)
 Metaspace       used 169701K, capacity 176082K, committed 176340K, reserved 669696K
  class space    used 21297K, capacity 23683K, committed 23756K, reserved 516096K
}
Event: 692.148 GC heap before
{Heap before GC invocations=206 (full 0):
 garbage-first heap   total 311296K, used 309919K [0x0000000080000000, 0x0000000100000000)
  region size 1024K, 15 young (15360K), 2 survivors (2048K)
 Metaspace       used 170104K, capacity 176519K, committed 176596K, reserved 669696K
  class space    used 21346K, capacity 23754K, committed 23756K, reserved 516096K
}
Event: 692.168 GC heap after
{Heap after GC invocations=207 (full 0):
 garbage-first heap   total 315392K, used 300032K [0x0000000080000000, 0x0000000100000000)
  region size 1024K, 2 young (2048K), 2 survivors (2048K)
 Metaspace       used 170104K, capacity 176519K, committed 176596K, reserved 669696K
  class space    used 21346K, capacity 23754K, committed 23756K, reserved 516096K
}
Event: 692.752 GC heap before
{Heap before GC invocations=207 (full 0):
 garbage-first heap   total 315392K, used 313344K [0x0000000080000000, 0x0000000100000000)
  region size 1024K, 15 young (15360K), 2 survivors (2048K)
 Metaspace       used 170444K, capacity 176858K, committed 177236K, reserved 669696K
  class space    used 21367K, capacity 23751K, committed 23884K, reserved 516096K
}
Event: 692.770 GC heap after
{Heap after GC invocations=208 (full 0):
 garbage-first heap   total 319488K, used 303924K [0x0000000080000000, 0x0000000100000000)
  region size 1024K, 2 young (2048K), 2 survivors (2048K)
 Metaspace       used 170444K, capacity 176858K, committed 177236K, reserved 669696K
  class space    used 21367K, capacity 23751K, committed 23884K, reserved 516096K
}
Event: 693.006 GC heap before
{Heap before GC invocations=209 (full 0):
 garbage-first heap   total 319488K, used 318260K [0x0000000080000000, 0x0000000100000000)
  region size 1024K, 15 young (15360K), 2 survivors (2048K)
 Metaspace       used 170725K, capacity 177169K, committed 177492K, reserved 671744K
  class space    used 21392K, capacity 23805K, committed 23884K, reserved 516096K
}
Event: 693.092 GC heap after
{Heap after GC invocations=210 (full 0):
 garbage-first heap   total 395264K, used 308775K [0x0000000080000000, 0x0000000100000000)
  region size 1024K, 2 young (2048K), 2 survivors (2048K)
 Metaspace       used 170725K, capacity 177169K, committed 177492K, reserved 671744K
  class space    used 21392K, capacity 23805K, committed 23884K, reserved 516096K
}
Event: 693.455 GC heap before
{Heap before GC invocations=210 (full 0):
 garbage-first heap   total 395264K, used 326183K [0x0000000080000000, 0x0000000100000000)
  region size 1024K, 19 young (19456K), 2 survivors (2048K)
 Metaspace       used 171178K, capacity 177697K, committed 177876K, reserved 671744K
  class space    used 21462K, capacity 23907K, committed 24012K, reserved 516096K
}
Event: 693.490 GC heap after
{Heap after GC invocations=211 (full 0):
 garbage-first heap   total 395264K, used 314450K [0x0000000080000000, 0x0000000100000000)
  region size 1024K, 3 young (3072K), 3 survivors (3072K)
 Metaspace       used 171178K, capacity 177697K, committed 177876K, reserved 671744K
  class space    used 21462K, capacity 23907K, committed 24012K, reserved 516096K
}
Event: 694.269 GC heap before
{Heap before GC invocations=211 (full 0):
 garbage-first heap   total 395264K, used 331858K [0x0000000080000000, 0x0000000100000000)
  region size 1024K, 21 young (21504K), 3 survivors (3072K)
 Metaspace       used 172545K, capacity 179233K, committed 179412K, reserved 671744K
  class space    used 21654K, capacity 24186K, committed 24268K, reserved 516096K
}
Event: 694.296 GC heap after
{Heap after GC invocations=212 (full 0):
 garbage-first heap   total 395264K, used 318416K [0x0000000080000000, 0x0000000100000000)
  region size 1024K, 3 young (3072K), 3 survivors (3072K)
 Metaspace       used 172545K, capacity 179233K, committed 179412K, reserved 671744K
  class space    used 21654K, capacity 24186K, committed 24268K, reserved 516096K
}
Event: 695.104 GC heap before
{Heap before GC invocations=212 (full 0):
 garbage-first heap   total 395264K, used 334800K [0x0000000080000000, 0x0000000100000000)
  region size 1024K, 20 young (20480K), 3 survivors (3072K)
 Metaspace       used 173043K, capacity 179762K, committed 179924K, reserved 673792K
  class space    used 21698K, capacity 24226K, committed 24268K, reserved 516096K
}
Event: 695.119 GC heap after
{Heap after GC invocations=213 (full 0):
 garbage-first heap   total 395264K, used 325571K [0x0000000080000000, 0x0000000100000000)
  region size 1024K, 3 young (3072K), 3 survivors (3072K)
 Metaspace       used 173043K, capacity 179762K, committed 179924K, reserved 673792K
  class space    used 21698K, capacity 24226K, committed 24268K, reserved 516096K
}
Event: 695.206 GC heap before
{Heap before GC invocations=213 (full 0):
 garbage-first heap   total 395264K, used 341955K [0x0000000080000000, 0x0000000100000000)
  region size 1024K, 19 young (19456K), 3 survivors (3072K)
 Metaspace       used 173227K, capacity 179938K, committed 180308K, reserved 673792K
  class space    used 21729K, capacity 24277K, committed 24396K, reserved 516096K
}

