# JRE version: OpenJDK Runtime Environment 18.9 (11.0.14.1+1) (build 11.0.14.1+1)
# Java VM: OpenJDK 64-Bit Server VM 18.9 (11.0.14.1+1, mixed mode, tiered, compressed oops, g1 gc, windows-amd64)
Heap:
 garbage-first heap   total 354304K, used 247467K [0x0000000080000000, 0x0000000100000000)
  region size 1024K, 7 young (7168K), 3 survivors (3072K)
 Metaspace       used 146752K, capacity 152630K, committed 152712K, reserved 649216K
  class space    used 18335K, capacity 20558K, committed 20608K, reserved 516096K
GC Heap History (20 events):
Event: 840.985 GC heap after
{Heap after GC invocations=186 (full 0):
 garbage-first heap   total 354304K, used 242840K [0x0000000080000000, 0x0000000100000000)
  region size 1024K, 7 young (7168K), 7 survivors (7168K)
 Metaspace       used 139361K, capacity 144932K, committed 145288K, reserved 643072K
  class space    used 17609K, capacity 19728K, committed 19840K, reserved 516096K
}
Event: 842.347 GC heap before
{Heap before GC invocations=186 (full 0):
 garbage-first heap   total 354304K, used 291992K [0x0000000080000000, 0x0000000100000000)
  region size 1024K, 55 young (56320K), 7 survivors (7168K)
 Metaspace       used 139506K, capacity 145128K, committed 145288K, reserved 643072K
  class space    used 17609K, capacity 19728K, committed 19840K, reserved 516096K
}
Event: 842.378 GC heap after
{Heap after GC invocations=187 (full 0):
 garbage-first heap   total 354304K, used 254976K [0x0000000080000000, 0x0000000100000000)
  region size 1024K, 7 young (7168K), 7 survivors (7168K)
 Metaspace       used 139506K, capacity 145128K, committed 145288K, reserved 643072K
  class space    used 17609K, capacity 19728K, committed 19840K, reserved 516096K
}
Event: 843.170 GC heap before
{Heap before GC invocations=187 (full 0):
 garbage-first heap   total 354304K, used 295936K [0x0000000080000000, 0x0000000100000000)
  region size 1024K, 47 young (48128K), 7 survivors (7168K)
 Metaspace       used 139765K, capacity 145458K, committed 145544K, reserved 643072K
  class space    used 17655K, capacity 19812K, committed 19840K, reserved 516096K
}
Event: 843.210 GC heap after
{Heap after GC invocations=188 (full 0):
 garbage-first heap   total 354304K, used 263898K [0x0000000080000000, 0x0000000100000000)
  region size 1024K, 6 young (6144K), 6 survivors (6144K)
 Metaspace       used 139765K, capacity 145458K, committed 145544K, reserved 643072K
  class space    used 17655K, capacity 19812K, committed 19840K, reserved 516096K
}
Event: 843.705 GC heap before
{Heap before GC invocations=188 (full 0):
 garbage-first heap   total 354304K, used 264922K [0x0000000080000000, 0x0000000100000000)
  region size 1024K, 17 young (17408K), 6 survivors (6144K)
 Metaspace       used 139848K, capacity 145512K, committed 145544K, reserved 643072K
  class space    used 17663K, capacity 19822K, committed 19840K, reserved 516096K
}
Event: 843.724 GC heap after
{Heap after GC invocations=189 (full 0):
 garbage-first heap   total 354304K, used 257415K [0x0000000080000000, 0x0000000100000000)
  region size 1024K, 3 young (3072K), 3 survivors (3072K)
 Metaspace       used 139848K, capacity 145512K, committed 145544K, reserved 643072K
  class space    used 17663K, capacity 19822K, committed 19840K, reserved 516096K
}
Event: 845.479 GC heap before
{Heap before GC invocations=190 (full 0):
 garbage-first heap   total 354304K, used 294279K [0x0000000080000000, 0x0000000100000000)
  region size 1024K, 40 young (40960K), 3 survivors (3072K)
 Metaspace       used 140171K, capacity 145873K, committed 146184K, reserved 643072K
  class space    used 17693K, capacity 19874K, committed 19968K, reserved 516096K
}
Event: 845.492 GC heap after
{Heap after GC invocations=191 (full 0):
 garbage-first heap   total 354304K, used 259192K [0x0000000080000000, 0x0000000100000000)
  region size 1024K, 5 young (5120K), 5 survivors (5120K)
 Metaspace       used 140171K, capacity 145873K, committed 146184K, reserved 643072K
  class space    used 17693K, capacity 19874K, committed 19968K, reserved 516096K
}
Event: 846.211 GC heap before
{Heap before GC invocations=191 (full 0):
 garbage-first heap   total 354304K, used 271480K [0x0000000080000000, 0x0000000100000000)
  region size 1024K, 17 young (17408K), 5 survivors (5120K)
 Metaspace       used 141254K, capacity 147007K, committed 147336K, reserved 645120K
  class space    used 17833K, capacity 20015K, committed 20096K, reserved 516096K
}
Event: 846.236 GC heap after
{Heap after GC invocations=192 (full 0):
 garbage-first heap   total 354304K, used 229106K [0x0000000080000000, 0x0000000100000000)
  region size 1024K, 2 young (2048K), 2 survivors (2048K)
 Metaspace       used 141254K, capacity 147007K, committed 147336K, reserved 645120K
  class space    used 17833K, capacity 20015K, committed 20096K, reserved 516096K
}
Event: 846.855 GC heap before
{Heap before GC invocations=192 (full 0):
 garbage-first heap   total 354304K, used 243442K [0x0000000080000000, 0x0000000100000000)
  region size 1024K, 17 young (17408K), 2 survivors (2048K)
 Metaspace       used 141833K, capacity 147648K, committed 147976K, reserved 645120K
  class space    used 17907K, capacity 20117K, committed 20224K, reserved 516096K
}
Event: 846.871 GC heap after
{Heap after GC invocations=193 (full 0):
 garbage-first heap   total 354304K, used 228197K [0x0000000080000000, 0x0000000100000000)
  region size 1024K, 2 young (2048K), 2 survivors (2048K)
 Metaspace       used 141833K, capacity 147648K, committed 147976K, reserved 645120K
  class space    used 17907K, capacity 20117K, committed 20224K, reserved 516096K
}
Event: 851.710 GC heap before
{Heap before GC invocations=193 (full 0):
 garbage-first heap   total 354304K, used 279397K [0x0000000080000000, 0x0000000100000000)
  region size 1024K, 53 young (54272K), 2 survivors (2048K)
 Metaspace       used 143488K, capacity 149316K, committed 149640K, reserved 647168K
  class space    used 18075K, capacity 20266K, committed 20352K, reserved 516096K
}
Event: 851.724 GC heap after
{Heap after GC invocations=194 (full 0):
 garbage-first heap   total 354304K, used 234985K [0x0000000080000000, 0x0000000100000000)
  region size 1024K, 7 young (7168K), 7 survivors (7168K)
 Metaspace       used 143488K, capacity 149316K, committed 149640K, reserved 647168K
  class space    used 18075K, capacity 20266K, committed 20352K, reserved 516096K
}
Event: 852.650 GC heap before
{Heap before GC invocations=194 (full 0):
 garbage-first heap   total 354304K, used 254441K [0x0000000080000000, 0x0000000100000000)
  region size 1024K, 28 young (28672K), 7 survivors (7168K)
 Metaspace       used 143742K, capacity 149604K, committed 149896K, reserved 647168K
  class space    used 18083K, capacity 20298K, committed 20352K, reserved 516096K
}
Event: 852.740 GC heap after
{Heap after GC invocations=195 (full 0):
 garbage-first heap   total 354304K, used 242159K [0x0000000080000000, 0x0000000100000000)
  region size 1024K, 7 young (7168K), 7 survivors (7168K)
 Metaspace       used 143742K, capacity 149604K, committed 149896K, reserved 647168K
  class space    used 18083K, capacity 20298K, committed 20352K, reserved 516096K
}
Event: 855.654 GC heap before
{Heap before GC invocations=196 (full 0):
 garbage-first heap   total 354304K, used 292335K [0x0000000080000000, 0x0000000100000000)
  region size 1024K, 46 young (47104K), 7 survivors (7168K)
 Metaspace       used 144385K, capacity 150261K, committed 150536K, reserved 647168K
  class space    used 18127K, capacity 20355K, committed 20480K, reserved 516096K
}
Event: 855.674 GC heap after
{Heap after GC invocations=197 (full 0):
 garbage-first heap   total 354304K, used 245914K [0x0000000080000000, 0x0000000100000000)
  region size 1024K, 5 young (5120K), 5 survivors (5120K)
 Metaspace       used 144385K, capacity 150261K, committed 150536K, reserved 647168K
  class space    used 18127K, capacity 20355K, committed 20480K, reserved 516096K
}
Event: 856.245 GC heap before
{Heap before GC invocations=197 (full 0):
 garbage-first heap   total 354304K, used 258202K [0x0000000080000000, 0x0000000100000000)
  region size 1024K, 17 young (17408K), 5 survivors (5120K)
 Metaspace       used 145976K, capacity 151859K, committed 152200K, reserved 649216K
  class space    used 18259K, capacity 20493K, committed 20608K, reserved 516096K
}

